<?xml version="1.0" encoding="UTF-8"?>
<!-- Generated by org.testng.reporters.JUnitXMLReporter -->
<testsuite ignored="0" hostname="Ideapad" failures="0" tests="3" name="Default test" time="6.217" errors="0" timestamp="2024-05-25T22:53:20 IST">
  <testcase classname="rs.Tests.LoginPageValidationTest" name="validateWithFalseCred" time="0.005"/>
  <testcase classname="rs.Tests.LoginPageValidationTest" name="validateWithNullCred" time="0.001"/>
  <testcase classname="rs.Tests.LoginPageValidationTest" name="validateWithTrueCred" time="0.001"/>
</testsuite> <!-- Default test -->
