<?xml version="1.0" encoding="UTF-8"?>
<testng-results ignored="0" total="2" passed="2" failed="0" skipped="0">
  <reporter-output>
  </reporter-output>
  <suite started-at="2024-05-26T01:59:34 IST" name="Suite" finished-at="2024-05-26T02:00:03 IST" duration-ms="29861">
    <groups>
    </groups>
    <test started-at="2024-05-26T01:59:34 IST" name="Test" finished-at="2024-05-26T02:00:03 IST" duration-ms="29861">
      <class name="rs.Tests.DataProviderSampleTest">
        <test-method is-config="true" signature="LoginApp()[pri:0, instance:rs.Tests.DataProviderSampleTest@231f98ef]" started-at="2024-05-26T01:59:34 IST" name="LoginApp" finished-at="2024-05-26T01:59:37 IST" duration-ms="3511" status="PASS">
          <reporter-output>
          </reporter-output>
        </test-method> <!-- LoginApp -->
        <test-method signature="OrderDataProvider(java.util.HashMap)[pri:0, instance:rs.Tests.DataProviderSampleTest@231f98ef]" started-at="2024-05-26T01:59:37 IST" name="OrderDataProvider" data-provider="getData" finished-at="2024-05-26T01:59:49 IST" duration-ms="11169" status="PASS">
          <params>
            <param index="0">
              <value>
                <![CDATA[{productname=ZARA COAT 3, password=Ashwani@7, email=ashwani7500@yopmail.com}]]>
              </value>
            </param>
          </params>
          <reporter-output>
          </reporter-output>
        </test-method> <!-- OrderDataProvider -->
        <test-method is-config="true" signature="CloseApp()[pri:0, instance:rs.Tests.DataProviderSampleTest@231f98ef]" started-at="2024-05-26T01:59:49 IST" name="CloseApp" finished-at="2024-05-26T01:59:49 IST" duration-ms="450" status="PASS">
          <reporter-output>
          </reporter-output>
        </test-method> <!-- CloseApp -->
        <test-method is-config="true" signature="LoginApp()[pri:0, instance:rs.Tests.DataProviderSampleTest@231f98ef]" started-at="2024-05-26T01:59:49 IST" name="LoginApp" finished-at="2024-05-26T01:59:52 IST" duration-ms="2861" status="PASS">
          <reporter-output>
          </reporter-output>
        </test-method> <!-- LoginApp -->
        <test-method signature="OrderDataProvider(java.util.HashMap)[pri:0, instance:rs.Tests.DataProviderSampleTest@231f98ef]" started-at="2024-05-26T01:59:52 IST" name="OrderDataProvider" data-provider="getData" finished-at="2024-05-26T02:00:03 IST" duration-ms="11181" status="PASS">
          <params>
            <param index="0">
              <value>
                <![CDATA[{productname=ADIDAS ORIGINAL, password=Abhishek@94, email=abhishekqae@yopmail.com}]]>
              </value>
            </param>
          </params>
          <reporter-output>
          </reporter-output>
        </test-method> <!-- OrderDataProvider -->
        <test-method is-config="true" signature="CloseApp()[pri:0, instance:rs.Tests.DataProviderSampleTest@231f98ef]" started-at="2024-05-26T02:00:03 IST" name="CloseApp" finished-at="2024-05-26T02:00:03 IST" duration-ms="333" status="PASS">
          <reporter-output>
          </reporter-output>
        </test-method> <!-- CloseApp -->
      </class> <!-- rs.Tests.DataProviderSampleTest -->
    </test> <!-- Test -->
  </suite> <!-- Suite -->
</testng-results>
